<?xml version="1.0" encoding="UTF-8"?>
<!-- Generated by org.testng.reporters.JUnitReportReporter -->
<testsuite hostname="LAPTOP-668BP5IR" failures="0" tests="4" name="com.dataprovider.DataProviderTest" time="0.020" errors="0" timestamp="2023-12-30T20:13:22 IST" skipped="0">
  <testcase classname="com.dataprovider.DataProviderTest" name="test1" time="0.003"/>
  <system-out/>
  <testcase classname="com.dataprovider.DataProviderTest" name="test2" time="0.002"/>
  <system-out/>
  <testcase classname="com.dataprovider.DataProviderTest" name="test2" time="0.003"/>
  <system-out/>
  <testcase classname="com.dataprovider.DataProviderTest" name="test1" time="0.012"/>
  <system-out/>
</testsuite> <!-- com.dataprovider.DataProviderTest -->
