<?xml version="1.0" encoding="UTF-8"?>
<!-- Generated by org.testng.reporters.JUnitReportReporter -->
<testsuite hostname="LAPTOP-668BP5IR" failures="0" tests="1" name="org.tmb.tests.OrangeHRMTests" time="12.819" errors="0" timestamp="2024-01-21T12:11:16 IST" skipped="0">
  <testcase classname="org.tmb.tests.OrangeHRMTests" name="loginLogoutTest" time="12.819"/>
  <system-out/>
</testsuite> <!-- org.tmb.tests.OrangeHRMTests -->
